<?xml version="1.0" encoding="UTF-8"?>
<!-- Generated by org.testng.reporters.JUnitReportReporter -->
<testsuite skipped="0" hostname="DESKTOP-6S38EQG" name="testCases.CalFactoriall" tests="2" failures="0" timestamp="02 Oct 2020 11:00:43 GMT" time="24.656" errors="0">
  <testcase name="calResult" time="17.008" classname="testCases.CalFactoriall"/>
  <testcase name="calResultWithoutInput" time="7.648" classname="testCases.CalFactoriall"/>
</testsuite> <!-- testCases.CalFactoriall -->
