<?xml version="1.0" encoding="UTF-8"?>
<!-- Generated by org.testng.reporters.JUnitReportReporter -->
<testsuite skipped="0" hostname="DESKTOP-6S38EQG" name="testCases.CalFactoriall" tests="2" failures="0" timestamp="02 Oct 2020 11:49:36 GMT" time="38.246" errors="0">
  <testcase name="calResult" time="30.706" classname="testCases.CalFactoriall"/>
  <testcase name="calResultWithoutInput" time="7.540" classname="testCases.CalFactoriall"/>
</testsuite> <!-- testCases.CalFactoriall -->
