<?xml version="1.0" encoding="UTF-8"?>
<!-- Generated by org.testng.reporters.JUnitReportReporter -->
<testsuite skipped="0" hostname="DESKTOP-6S38EQG" name="testCases.CalFactoriall" tests="2" failures="0" timestamp="01 Oct 2020 21:44:21 GMT" time="24.784" errors="0">
  <testcase name="calResult" time="17.360" classname="testCases.CalFactoriall"/>
  <testcase name="calResultWithoutInput" time="7.424" classname="testCases.CalFactoriall"/>
</testsuite> <!-- testCases.CalFactoriall -->
